<?xml version="1.0" encoding="UTF-8"?>
<coverage generated="1678715087">
  <project timestamp="1678715087">
    <file name="/Users/evan/Developer/psr-mock/http-message-implementation/src/Collections/Headers.php">
      <class name="PsrMock\Psr7\Collections\Headers" namespace="global">
        <metrics complexity="14" methods="11" coveredmethods="11" conditionals="0" coveredconditionals="0" statements="32" coveredstatements="32" elements="43" coveredelements="43"/>
      </class>
      <line num="16" type="method" name="add" visibility="public" complexity="1" crap="1" count="14"/>
      <line num="18" type="stmt" count="14"/>
      <line num="19" type="stmt" count="14"/>
      <line num="20" type="stmt" count="14"/>
      <line num="23" type="method" name="addHeader" visibility="public" complexity="1" crap="1" count="4"/>
      <line num="25" type="stmt" count="4"/>
      <line num="26" type="stmt" count="4"/>
      <line num="27" type="stmt" count="4"/>
      <line num="33" type="method" name="get" visibility="public" complexity="2" crap="2" count="7"/>
      <line num="35" type="stmt" count="7"/>
      <line num="36" type="stmt" count="7"/>
      <line num="37" type="stmt" count="7"/>
      <line num="39" type="stmt" count="7"/>
      <line num="41" type="stmt" count="6"/>
      <line num="44" type="stmt" count="7"/>
      <line num="50" type="method" name="getHeader" visibility="public" complexity="1" crap="1" count="1"/>
      <line num="52" type="stmt" count="1"/>
      <line num="53" type="stmt" count="1"/>
      <line num="57" type="stmt" count="1"/>
      <line num="60" type="method" name="getString" visibility="public" complexity="1" crap="1" count="1"/>
      <line num="62" type="stmt" count="1"/>
      <line num="65" type="method" name="set" visibility="public" complexity="1" crap="1" count="1"/>
      <line num="67" type="stmt" count="1"/>
      <line num="68" type="stmt" count="1"/>
      <line num="71" type="method" name="setHeader" visibility="public" complexity="1" crap="1" count="1"/>
      <line num="73" type="stmt" count="1"/>
      <line num="74" type="stmt" count="1"/>
      <line num="77" type="method" name="has" visibility="public" complexity="1" crap="1" count="1"/>
      <line num="79" type="stmt" count="1"/>
      <line num="80" type="stmt" count="1"/>
      <line num="83" type="method" name="remove" visibility="public" complexity="1" crap="1" count="5"/>
      <line num="85" type="stmt" count="5"/>
      <line num="86" type="stmt" count="5"/>
      <line num="92" type="method" name="all" visibility="public" complexity="3" crap="3" count="14"/>
      <line num="94" type="stmt" count="14"/>
      <line num="96" type="stmt" count="14"/>
      <line num="97" type="stmt" count="9"/>
      <line num="98" type="stmt" count="9"/>
      <line num="100" type="stmt" count="9"/>
      <line num="102" type="stmt" count="9"/>
      <line num="106" type="stmt" count="14"/>
      <line num="109" type="method" name="normalizeHeaderName" visibility="private" complexity="1" crap="1" count="19"/>
      <line num="111" type="stmt" count="19"/>
      <metrics loc="114" ncloc="99" classes="1" methods="11" coveredmethods="11" conditionals="0" coveredconditionals="0" statements="32" coveredstatements="32" elements="43" coveredelements="43"/>
    </file>
    <file name="/Users/evan/Developer/psr-mock/http-message-implementation/src/Entities/Header.php">
      <class name="PsrMock\Psr7\Entities\Header" namespace="global">
        <metrics complexity="5" methods="5" coveredmethods="5" conditionals="0" coveredconditionals="0" statements="6" coveredstatements="6" elements="11" coveredelements="11"/>
      </class>
      <line num="14" type="method" name="__construct" visibility="public" complexity="1" crap="1" count="22"/>
      <line num="16" type="stmt" count="22"/>
      <line num="17" type="stmt" count="22"/>
      <line num="20" type="method" name="getName" visibility="public" complexity="1" crap="1" count="14"/>
      <line num="22" type="stmt" count="14"/>
      <line num="25" type="method" name="getValue" visibility="public" complexity="1" crap="1" count="16"/>
      <line num="27" type="stmt" count="16"/>
      <line num="30" type="method" name="setValue" visibility="public" complexity="1" crap="1" count="1"/>
      <line num="32" type="stmt" count="1"/>
      <line num="35" type="method" name="__toString" visibility="public" complexity="1" crap="1" count="1"/>
      <line num="37" type="stmt" count="1"/>
      <metrics loc="40" ncloc="40" classes="1" methods="5" coveredmethods="5" conditionals="0" coveredconditionals="0" statements="6" coveredstatements="6" elements="11" coveredelements="11"/>
    </file>
    <file name="/Users/evan/Developer/psr-mock/http-message-implementation/src/Message.php">
      <class name="PsrMock\Psr7\Message" namespace="global">
        <metrics complexity="29" methods="14" coveredmethods="14" conditionals="0" coveredconditionals="0" statements="48" coveredstatements="48" elements="62" coveredelements="62"/>
      </class>
      <line num="20" type="method" name="__construct" visibility="public" complexity="1" crap="1" count="39"/>
      <line num="25" type="stmt" count="39"/>
      <line num="27" type="method" name="getProtocolVersion" visibility="public" complexity="1" crap="1" count="1"/>
      <line num="29" type="stmt" count="1"/>
      <line num="32" type="method" name="withProtocolVersion" visibility="public" complexity="2" crap="2" count="2"/>
      <line num="34" type="stmt" count="2"/>
      <line num="35" type="stmt" count="1"/>
      <line num="38" type="stmt" count="1"/>
      <line num="39" type="stmt" count="1"/>
      <line num="40" type="stmt" count="1"/>
      <line num="43" type="method" name="getHeaders" visibility="public" complexity="1" crap="1" count="13"/>
      <line num="45" type="stmt" count="13"/>
      <line num="48" type="method" name="hasHeader" visibility="public" complexity="1" crap="1" count="1"/>
      <line num="50" type="stmt" count="1"/>
      <line num="53" type="method" name="getHeader" visibility="public" complexity="1" crap="1" count="1"/>
      <line num="55" type="stmt" count="1"/>
      <line num="58" type="method" name="getHeaderLine" visibility="public" complexity="1" crap="1" count="1"/>
      <line num="60" type="stmt" count="1"/>
      <line num="63" type="method" name="withHeader" visibility="public" complexity="4" crap="4" count="9"/>
      <line num="65" type="stmt" count="9"/>
      <line num="67" type="stmt" count="9"/>
      <line num="68" type="stmt" count="1"/>
      <line num="69" type="stmt" count="1"/>
      <line num="71" type="stmt" count="8"/>
      <line num="72" type="stmt" count="8"/>
      <line num="75" type="stmt" count="9"/>
      <line num="78" type="method" name="withHeaders" visibility="public" complexity="6" crap="6" count="1"/>
      <line num="80" type="stmt" count="1"/>
      <line num="82" type="stmt" count="1"/>
      <line num="83" type="stmt" count="1"/>
      <line num="84" type="stmt" count="1"/>
      <line num="87" type="stmt" count="1"/>
      <line num="88" type="stmt" count="1"/>
      <line num="89" type="stmt" count="1"/>
      <line num="91" type="stmt" count="1"/>
      <line num="92" type="stmt" count="1"/>
      <line num="96" type="stmt" count="1"/>
      <line num="99" type="method" name="withAddedHeader" visibility="public" complexity="5" crap="5" count="3"/>
      <line num="101" type="stmt" count="3"/>
      <line num="103" type="stmt" count="3"/>
      <line num="104" type="stmt" count="1"/>
      <line num="105" type="stmt" count="1"/>
      <line num="106" type="stmt" count="1"/>
      <line num="109" type="stmt" count="3"/>
      <line num="110" type="stmt" count="3"/>
      <line num="113" type="stmt" count="3"/>
      <line num="116" type="method" name="withoutHeader" visibility="public" complexity="1" crap="1" count="4"/>
      <line num="118" type="stmt" count="4"/>
      <line num="119" type="stmt" count="4"/>
      <line num="120" type="stmt" count="4"/>
      <line num="123" type="method" name="getBody" visibility="public" complexity="2" crap="2" count="7"/>
      <line num="125" type="stmt" count="7"/>
      <line num="126" type="stmt" count="6"/>
      <line num="129" type="stmt" count="7"/>
      <line num="132" type="method" name="withBody" visibility="public" complexity="2" crap="2" count="2"/>
      <line num="135" type="stmt" count="2"/>
      <line num="136" type="stmt" count="1"/>
      <line num="139" type="stmt" count="1"/>
      <line num="140" type="stmt" count="1"/>
      <line num="141" type="stmt" count="1"/>
      <line num="144" type="method" name="headers" visibility="private" complexity="1" crap="1" count="15"/>
      <line num="146" type="stmt" count="15"/>
      <metrics loc="149" ncloc="143" classes="1" methods="14" coveredmethods="14" conditionals="0" coveredconditionals="0" statements="48" coveredstatements="48" elements="62" coveredelements="62"/>
    </file>
    <file name="/Users/evan/Developer/psr-mock/http-message-implementation/src/Request.php">
      <class name="PsrMock\Psr7\Request" namespace="global">
        <metrics complexity="10" methods="7" coveredmethods="7" conditionals="0" coveredconditionals="0" statements="16" coveredstatements="16" elements="23" coveredelements="23"/>
      </class>
      <line num="17" type="method" name="__construct" visibility="public" complexity="2" crap="2" count="26"/>
      <line num="24" type="stmt" count="26"/>
      <line num="25" type="stmt" count="26"/>
      <line num="28" type="method" name="withRequestTarget" visibility="public" complexity="2" crap="2" count="2"/>
      <line num="30" type="stmt" count="2"/>
      <line num="31" type="stmt" count="1"/>
      <line num="34" type="stmt" count="1"/>
      <line num="35" type="stmt" count="1"/>
      <line num="37" type="stmt" count="1"/>
      <line num="40" type="method" name="getRequestTarget" visibility="public" complexity="1" crap="1" count="1"/>
      <line num="42" type="stmt" count="1"/>
      <line num="45" type="method" name="withMethod" visibility="public" complexity="1" crap="1" count="1"/>
      <line num="47" type="stmt" count="1"/>
      <line num="48" type="stmt" count="1"/>
      <line num="49" type="stmt" count="1"/>
      <line num="52" type="method" name="getMethod" visibility="public" complexity="1" crap="1" count="2"/>
      <line num="54" type="stmt" count="2"/>
      <line num="57" type="method" name="withUri" visibility="public" complexity="1" crap="1" count="1"/>
      <line num="59" type="stmt" count="1"/>
      <line num="60" type="stmt" count="1"/>
      <line num="61" type="stmt" count="1"/>
      <line num="64" type="method" name="getUri" visibility="public" complexity="2" crap="2" count="2"/>
      <line num="72" type="stmt" count="2"/>
      <metrics loc="75" ncloc="73" classes="1" methods="7" coveredmethods="7" conditionals="0" coveredconditionals="0" statements="16" coveredstatements="16" elements="23" coveredelements="23"/>
    </file>
    <file name="/Users/evan/Developer/psr-mock/http-message-implementation/src/Response.php">
      <class name="PsrMock\Psr7\Response" namespace="global">
        <metrics complexity="6" methods="4" coveredmethods="4" conditionals="0" coveredconditionals="0" statements="11" coveredstatements="11" elements="15" coveredelements="15"/>
      </class>
      <line num="14" type="method" name="__construct" visibility="public" complexity="1" crap="1" count="13"/>
      <line num="21" type="stmt" count="13"/>
      <line num="24" type="method" name="getStatusCode" visibility="public" complexity="1" crap="1" count="2"/>
      <line num="26" type="stmt" count="2"/>
      <line num="29" type="method" name="withStatus" visibility="public" complexity="3" crap="3" count="4"/>
      <line num="31" type="stmt" count="4"/>
      <line num="32" type="stmt" count="1"/>
      <line num="35" type="stmt" count="3"/>
      <line num="36" type="stmt" count="1"/>
      <line num="39" type="stmt" count="2"/>
      <line num="40" type="stmt" count="2"/>
      <line num="41" type="stmt" count="2"/>
      <line num="42" type="stmt" count="2"/>
      <line num="45" type="method" name="getReasonPhrase" visibility="public" complexity="1" crap="1" count="2"/>
      <line num="47" type="stmt" count="2"/>
      <metrics loc="50" ncloc="50" classes="1" methods="4" coveredmethods="4" conditionals="0" coveredconditionals="0" statements="11" coveredstatements="11" elements="15" coveredelements="15"/>
    </file>
    <file name="/Users/evan/Developer/psr-mock/http-message-implementation/src/Stream.php">
      <class name="PsrMock\Psr7\Stream" namespace="global">
        <metrics complexity="72" methods="16" coveredmethods="16" conditionals="0" coveredconditionals="0" statements="73" coveredstatements="73" elements="89" coveredelements="89"/>
      </class>
      <line num="58" type="method" name="__construct" visibility="public" complexity="6" crap="6" count="21"/>
      <line num="61" type="stmt" count="21"/>
      <line num="69" type="stmt" count="21"/>
      <line num="71" type="stmt" count="21"/>
      <line num="72" type="stmt" count="8"/>
      <line num="75" type="stmt" count="21"/>
      <line num="76" type="stmt" count="15"/>
      <line num="77" type="stmt" count="15"/>
      <line num="84" type="method" name="getMetadata" visibility="public" complexity="4" crap="4" count="19"/>
      <line num="92" type="stmt" count="19"/>
      <line num="94" type="stmt" count="19"/>
      <line num="95" type="stmt" count="1"/>
      <line num="98" type="stmt" count="19"/>
      <line num="110" type="method" name="attach" visibility="private" complexity="3" crap="3" count="21"/>
      <line num="122" type="stmt" count="21"/>
      <line num="144" type="method" name="__toString" visibility="public" complexity="3" crap="3" count="7"/>
      <line num="152" type="stmt" count="7"/>
      <line num="153" type="stmt" count="7"/>
      <line num="156" type="stmt" count="7"/>
      <line num="178" type="method" name="getSize" visibility="public" complexity="6" crap="6" count="1"/>
      <line num="180" type="stmt" count="1"/>
      <line num="181" type="stmt" count="1"/>
      <line num="183" type="stmt" count="1"/>
      <line num="184" type="stmt" count="1"/>
      <line num="188" type="stmt" count="1"/>
      <line num="192" type="method" name="tell" visibility="public" complexity="4" crap="4" count="2"/>
      <line num="194" type="stmt" count="2"/>
      <line num="196" type="stmt" count="2"/>
      <line num="197" type="stmt" count="2"/>
      <line num="206" type="stmt" count="2"/>
      <line num="210" type="method" name="eof" visibility="public" complexity="2" crap="2" count="1"/>
      <line num="212" type="stmt" count="1"/>
      <line num="216" type="method" name="isReadable" visibility="public" complexity="6" crap="6" count="5"/>
      <line num="224" type="stmt" count="5"/>
      <line num="226" type="stmt" count="5"/>
      <line num="227" type="stmt" count="5"/>
      <line num="229" type="stmt" count="5"/>
      <line num="230" type="stmt" count="5"/>
      <line num="234" type="stmt" count="5"/>
      <line num="238" type="method" name="isWritable" visibility="public" complexity="6" crap="6" count="17"/>
      <line num="240" type="stmt" count="17"/>
      <line num="241" type="stmt" count="17"/>
      <line num="243" type="stmt" count="17"/>
      <line num="244" type="stmt" count="17"/>
      <line num="246" type="stmt" count="17"/>
      <line num="247" type="stmt" count="2"/>
      <line num="250" type="stmt" count="16"/>
      <line num="260" type="method" name="isSeekable" visibility="public" complexity="4" crap="4" count="16"/>
      <line num="262" type="stmt" count="16"/>
      <line num="263" type="stmt" count="16"/>
      <line num="265" type="stmt" count="16"/>
      <line num="266" type="stmt" count="16"/>
      <line num="270" type="stmt" count="16"/>
      <line num="274" type="method" name="seek" visibility="public" complexity="4" crap="4" count="1"/>
      <line num="276" type="stmt" count="1"/>
      <line num="277" type="stmt" count="1"/>
      <line num="282" type="method" name="rewind" visibility="public" complexity="4" crap="4" count="16"/>
      <line num="284" type="stmt" count="16"/>
      <line num="285" type="stmt" count="1"/>
      <line num="290" type="method" name="read" visibility="public" complexity="5" crap="5" count="5"/>
      <line num="292" type="stmt" count="5"/>
      <line num="294" type="stmt" count="5"/>
      <line num="295" type="stmt" count="4"/>
      <line num="298" type="stmt" count="5"/>
      <line num="299" type="stmt" count="4"/>
      <line num="302" type="stmt" count="1"/>
      <line num="305" type="method" name="write" visibility="public" complexity="4" crap="4" count="16"/>
      <line num="307" type="stmt" count="16"/>
      <line num="309" type="stmt" count="16"/>
      <line num="310" type="stmt" count="15"/>
      <line num="313" type="stmt" count="16"/>
      <line num="314" type="stmt" count="15"/>
      <line num="315" type="stmt" count="15"/>
      <line num="318" type="stmt" count="1"/>
      <line num="322" type="method" name="getContents" visibility="public" complexity="3" crap="3" count="9"/>
      <line num="324" type="stmt" count="9"/>
      <line num="326" type="stmt" count="9"/>
      <line num="327" type="stmt" count="8"/>
      <line num="330" type="stmt" count="9"/>
      <line num="331" type="stmt" count="8"/>
      <line num="334" type="stmt" count="1"/>
      <line num="337" type="method" name="isPipe" visibility="public" complexity="4" crap="4" count="18"/>
      <line num="339" type="stmt" count="18"/>
      <line num="340" type="stmt" count="18"/>
      <line num="342" type="stmt" count="18"/>
      <line num="343" type="stmt" count="18"/>
      <line num="345" type="stmt" count="18"/>
      <line num="346" type="stmt" count="18"/>
      <line num="351" type="stmt" count="18"/>
      <metrics loc="354" ncloc="311" classes="1" methods="16" coveredmethods="16" conditionals="0" coveredconditionals="0" statements="73" coveredstatements="73" elements="89" coveredelements="89"/>
    </file>
    <file name="/Users/evan/Developer/psr-mock/http-message-implementation/src/Uri.php">
      <class name="PsrMock\Psr7\Uri" namespace="global">
        <metrics complexity="44" methods="17" coveredmethods="17" conditionals="0" coveredconditionals="0" statements="82" coveredstatements="82" elements="99" coveredelements="99"/>
      </class>
      <line num="17" type="method" name="__construct" visibility="public" complexity="6" crap="6" count="53"/>
      <line num="28" type="stmt" count="53"/>
      <line num="29" type="stmt" count="31"/>
      <line num="31" type="stmt" count="31"/>
      <line num="32" type="stmt" count="1"/>
      <line num="35" type="stmt" count="30"/>
      <line num="36" type="stmt" count="30"/>
      <line num="37" type="stmt" count="30"/>
      <line num="38" type="stmt" count="30"/>
      <line num="39" type="stmt" count="30"/>
      <line num="40" type="stmt" count="30"/>
      <line num="41" type="stmt" count="30"/>
      <line num="42" type="stmt" count="30"/>
      <line num="46" type="method" name="getScheme" visibility="public" complexity="1" crap="1" count="2"/>
      <line num="48" type="stmt" count="2"/>
      <line num="51" type="method" name="getAuthority" visibility="public" complexity="3" crap="3" count="1"/>
      <line num="53" type="stmt" count="1"/>
      <line num="55" type="stmt" count="1"/>
      <line num="56" type="stmt" count="1"/>
      <line num="59" type="stmt" count="1"/>
      <line num="62" type="method" name="getUserInfo" visibility="public" complexity="2" crap="2" count="4"/>
      <line num="64" type="stmt" count="4"/>
      <line num="67" type="method" name="getHost" visibility="public" complexity="1" crap="1" count="3"/>
      <line num="69" type="stmt" count="3"/>
      <line num="72" type="method" name="getPort" visibility="public" complexity="1" crap="1" count="2"/>
      <line num="74" type="stmt" count="2"/>
      <line num="77" type="method" name="getPath" visibility="public" complexity="1" crap="1" count="2"/>
      <line num="79" type="stmt" count="2"/>
      <line num="82" type="method" name="getQuery" visibility="public" complexity="1" crap="1" count="2"/>
      <line num="84" type="stmt" count="2"/>
      <line num="87" type="method" name="getFragment" visibility="public" complexity="1" crap="1" count="2"/>
      <line num="89" type="stmt" count="2"/>
      <line num="92" type="method" name="withScheme" visibility="public" complexity="2" crap="2" count="2"/>
      <line num="94" type="stmt" count="2"/>
      <line num="95" type="stmt" count="1"/>
      <line num="98" type="stmt" count="1"/>
      <line num="99" type="stmt" count="1"/>
      <line num="100" type="stmt" count="1"/>
      <line num="103" type="method" name="withUserInfo" visibility="public" complexity="4" crap="4" count="6"/>
      <line num="105" type="stmt" count="6"/>
      <line num="106" type="stmt" count="2"/>
      <line num="109" type="stmt" count="4"/>
      <line num="110" type="stmt" count="1"/>
      <line num="113" type="stmt" count="3"/>
      <line num="114" type="stmt" count="3"/>
      <line num="115" type="stmt" count="3"/>
      <line num="116" type="stmt" count="3"/>
      <line num="119" type="method" name="withHost" visibility="public" complexity="2" crap="2" count="2"/>
      <line num="121" type="stmt" count="2"/>
      <line num="122" type="stmt" count="1"/>
      <line num="125" type="stmt" count="1"/>
      <line num="126" type="stmt" count="1"/>
      <line num="127" type="stmt" count="1"/>
      <line num="130" type="method" name="withPort" visibility="public" complexity="4" crap="4" count="3"/>
      <line num="132" type="stmt" count="3"/>
      <line num="133" type="stmt" count="1"/>
      <line num="136" type="stmt" count="2"/>
      <line num="137" type="stmt" count="1"/>
      <line num="140" type="stmt" count="1"/>
      <line num="141" type="stmt" count="1"/>
      <line num="142" type="stmt" count="1"/>
      <line num="145" type="method" name="withPath" visibility="public" complexity="2" crap="2" count="2"/>
      <line num="147" type="stmt" count="2"/>
      <line num="148" type="stmt" count="1"/>
      <line num="151" type="stmt" count="1"/>
      <line num="152" type="stmt" count="1"/>
      <line num="153" type="stmt" count="1"/>
      <line num="156" type="method" name="withQuery" visibility="public" complexity="2" crap="2" count="2"/>
      <line num="158" type="stmt" count="2"/>
      <line num="159" type="stmt" count="1"/>
      <line num="162" type="stmt" count="1"/>
      <line num="163" type="stmt" count="1"/>
      <line num="164" type="stmt" count="1"/>
      <line num="167" type="method" name="withFragment" visibility="public" complexity="2" crap="2" count="2"/>
      <line num="169" type="stmt" count="2"/>
      <line num="170" type="stmt" count="1"/>
      <line num="173" type="stmt" count="1"/>
      <line num="174" type="stmt" count="1"/>
      <line num="175" type="stmt" count="1"/>
      <line num="178" type="method" name="__toString" visibility="public" complexity="9" crap="9" count="7"/>
      <line num="180" type="stmt" count="7"/>
      <line num="182" type="stmt" count="7"/>
      <line num="183" type="stmt" count="6"/>
      <line num="186" type="stmt" count="7"/>
      <line num="187" type="stmt" count="2"/>
      <line num="189" type="stmt" count="2"/>
      <line num="190" type="stmt" count="2"/>
      <line num="193" type="stmt" count="2"/>
      <line num="196" type="stmt" count="7"/>
      <line num="197" type="stmt" count="6"/>
      <line num="200" type="stmt" count="7"/>
      <line num="201" type="stmt" count="2"/>
      <line num="204" type="stmt" count="7"/>
      <line num="205" type="stmt" count="6"/>
      <line num="208" type="stmt" count="7"/>
      <line num="209" type="stmt" count="6"/>
      <line num="212" type="stmt" count="7"/>
      <line num="213" type="stmt" count="1"/>
      <line num="216" type="stmt" count="7"/>
      <metrics loc="219" ncloc="219" classes="1" methods="17" coveredmethods="17" conditionals="0" coveredconditionals="0" statements="82" coveredstatements="82" elements="99" coveredelements="99"/>
    </file>
    <metrics files="7" loc="1001" ncloc="935" classes="7" methods="74" coveredmethods="74" conditionals="0" coveredconditionals="0" statements="268" coveredstatements="268" elements="342" coveredelements="342"/>
  </project>
</coverage>
