<?xml version="1.0" encoding="UTF-8"?>
<!DOCTYPE coverage SYSTEM "http://cobertura.sourceforge.net/xml/coverage-04.dtd">
<coverage line-rate="1" branch-rate="0" lines-covered="268" lines-valid="268" branches-covered="0" branches-valid="0" complexity="180" version="0.4" timestamp="1678715087">
  <sources>
    <source>/Users/evan/Developer/psr-mock/http-message-implementation/src</source>
  </sources>
  <packages>
    <package name="Collections/Headers.php" line-rate="1" branch-rate="0" complexity="14">
      <classes>
        <class name="PsrMock\Psr7\Collections\Headers" filename="Collections/Headers.php" line-rate="1" branch-rate="0" complexity="14">
          <methods>
            <method name="add" signature="string $name, string $value" line-rate="1" branch-rate="0" complexity="1">
              <lines>
                <line number="18" hits="14"/>
                <line number="19" hits="14"/>
                <line number="20" hits="14"/>
              </lines>
            </method>
            <method name="addHeader" signature="PsrMock\Psr7\Entities\Header $header" line-rate="1" branch-rate="0" complexity="1">
              <lines>
                <line number="25" hits="4"/>
                <line number="26" hits="4"/>
                <line number="27" hits="4"/>
              </lines>
            </method>
            <method name="get" signature="string $name" line-rate="1" branch-rate="0" complexity="2">
              <lines>
                <line number="35" hits="7"/>
                <line number="36" hits="7"/>
                <line number="37" hits="7"/>
                <line number="39" hits="7"/>
                <line number="41" hits="6"/>
                <line number="44" hits="7"/>
              </lines>
            </method>
            <method name="getHeader" signature="string $name" line-rate="1" branch-rate="0" complexity="1">
              <lines>
                <line number="52" hits="1"/>
                <line number="53" hits="1"/>
                <line number="57" hits="1"/>
              </lines>
            </method>
            <method name="getString" signature="string $name" line-rate="1" branch-rate="0" complexity="1">
              <lines>
                <line number="62" hits="1"/>
              </lines>
            </method>
            <method name="set" signature="string $name, string $value" line-rate="1" branch-rate="0" complexity="1">
              <lines>
                <line number="67" hits="1"/>
                <line number="68" hits="1"/>
              </lines>
            </method>
            <method name="setHeader" signature="PsrMock\Psr7\Entities\Header $header" line-rate="1" branch-rate="0" complexity="1">
              <lines>
                <line number="73" hits="1"/>
                <line number="74" hits="1"/>
              </lines>
            </method>
            <method name="has" signature="string $name" line-rate="1" branch-rate="0" complexity="1">
              <lines>
                <line number="79" hits="1"/>
                <line number="80" hits="1"/>
              </lines>
            </method>
            <method name="remove" signature="string $name" line-rate="1" branch-rate="0" complexity="1">
              <lines>
                <line number="85" hits="5"/>
                <line number="86" hits="5"/>
              </lines>
            </method>
            <method name="all" signature="" line-rate="1" branch-rate="0" complexity="3">
              <lines>
                <line number="94" hits="14"/>
                <line number="96" hits="14"/>
                <line number="97" hits="9"/>
                <line number="98" hits="9"/>
                <line number="100" hits="9"/>
                <line number="102" hits="9"/>
                <line number="106" hits="14"/>
              </lines>
            </method>
            <method name="normalizeHeaderName" signature="string $name" line-rate="1" branch-rate="0" complexity="1">
              <lines>
                <line number="111" hits="19"/>
              </lines>
            </method>
          </methods>
          <lines>
            <line number="18" hits="14"/>
            <line number="19" hits="14"/>
            <line number="20" hits="14"/>
            <line number="25" hits="4"/>
            <line number="26" hits="4"/>
            <line number="27" hits="4"/>
            <line number="35" hits="7"/>
            <line number="36" hits="7"/>
            <line number="37" hits="7"/>
            <line number="39" hits="7"/>
            <line number="41" hits="6"/>
            <line number="44" hits="7"/>
            <line number="52" hits="1"/>
            <line number="53" hits="1"/>
            <line number="57" hits="1"/>
            <line number="62" hits="1"/>
            <line number="67" hits="1"/>
            <line number="68" hits="1"/>
            <line number="73" hits="1"/>
            <line number="74" hits="1"/>
            <line number="79" hits="1"/>
            <line number="80" hits="1"/>
            <line number="85" hits="5"/>
            <line number="86" hits="5"/>
            <line number="94" hits="14"/>
            <line number="96" hits="14"/>
            <line number="97" hits="9"/>
            <line number="98" hits="9"/>
            <line number="100" hits="9"/>
            <line number="102" hits="9"/>
            <line number="106" hits="14"/>
            <line number="111" hits="19"/>
          </lines>
        </class>
      </classes>
    </package>
    <package name="Entities/Header.php" line-rate="1" branch-rate="0" complexity="5">
      <classes>
        <class name="PsrMock\Psr7\Entities\Header" filename="Entities/Header.php" line-rate="1" branch-rate="0" complexity="5">
          <methods>
            <method name="__construct" signature="string $name, string $value" line-rate="1" branch-rate="0" complexity="1">
              <lines>
                <line number="16" hits="22"/>
                <line number="17" hits="22"/>
              </lines>
            </method>
            <method name="getName" signature="" line-rate="1" branch-rate="0" complexity="1">
              <lines>
                <line number="22" hits="14"/>
              </lines>
            </method>
            <method name="getValue" signature="" line-rate="1" branch-rate="0" complexity="1">
              <lines>
                <line number="27" hits="16"/>
              </lines>
            </method>
            <method name="setValue" signature="string $value" line-rate="1" branch-rate="0" complexity="1">
              <lines>
                <line number="32" hits="1"/>
              </lines>
            </method>
            <method name="__toString" signature="" line-rate="1" branch-rate="0" complexity="1">
              <lines>
                <line number="37" hits="1"/>
              </lines>
            </method>
          </methods>
          <lines>
            <line number="16" hits="22"/>
            <line number="17" hits="22"/>
            <line number="22" hits="14"/>
            <line number="27" hits="16"/>
            <line number="32" hits="1"/>
            <line number="37" hits="1"/>
          </lines>
        </class>
      </classes>
    </package>
    <package name="Message.php" line-rate="1" branch-rate="0" complexity="29">
      <classes>
        <class name="PsrMock\Psr7\Message" filename="Message.php" line-rate="1" branch-rate="0" complexity="29">
          <methods>
            <method name="__construct" signature="string $protocolVersion, ?PsrMock\Psr7\Collections\Headers $headers, ?Psr\Http\Message\StreamInterface $stream" line-rate="1" branch-rate="0" complexity="1">
              <lines>
                <line number="25" hits="39"/>
              </lines>
            </method>
            <method name="getProtocolVersion" signature="" line-rate="1" branch-rate="0" complexity="1">
              <lines>
                <line number="29" hits="1"/>
              </lines>
            </method>
            <method name="withProtocolVersion" signature="$version" line-rate="1" branch-rate="0" complexity="2">
              <lines>
                <line number="34" hits="2"/>
                <line number="35" hits="1"/>
                <line number="38" hits="1"/>
                <line number="39" hits="1"/>
                <line number="40" hits="1"/>
              </lines>
            </method>
            <method name="getHeaders" signature="" line-rate="1" branch-rate="0" complexity="1">
              <lines>
                <line number="45" hits="13"/>
              </lines>
            </method>
            <method name="hasHeader" signature="$name" line-rate="1" branch-rate="0" complexity="1">
              <lines>
                <line number="50" hits="1"/>
              </lines>
            </method>
            <method name="getHeader" signature="$name" line-rate="1" branch-rate="0" complexity="1">
              <lines>
                <line number="55" hits="1"/>
              </lines>
            </method>
            <method name="getHeaderLine" signature="$name" line-rate="1" branch-rate="0" complexity="1">
              <lines>
                <line number="60" hits="1"/>
              </lines>
            </method>
            <method name="withHeader" signature="$name, $value" line-rate="1" branch-rate="0" complexity="4">
              <lines>
                <line number="65" hits="9"/>
                <line number="67" hits="9"/>
                <line number="68" hits="1"/>
                <line number="69" hits="1"/>
                <line number="71" hits="8"/>
                <line number="72" hits="8"/>
                <line number="75" hits="9"/>
              </lines>
            </method>
            <method name="withHeaders" signature="array $headers" line-rate="1" branch-rate="0" complexity="6">
              <lines>
                <line number="80" hits="1"/>
                <line number="82" hits="1"/>
                <line number="83" hits="1"/>
                <line number="84" hits="1"/>
                <line number="87" hits="1"/>
                <line number="88" hits="1"/>
                <line number="89" hits="1"/>
                <line number="91" hits="1"/>
                <line number="92" hits="1"/>
                <line number="96" hits="1"/>
              </lines>
            </method>
            <method name="withAddedHeader" signature="$name, $value" line-rate="1" branch-rate="0" complexity="5">
              <lines>
                <line number="101" hits="3"/>
                <line number="103" hits="3"/>
                <line number="104" hits="1"/>
                <line number="105" hits="1"/>
                <line number="106" hits="1"/>
                <line number="109" hits="3"/>
                <line number="110" hits="3"/>
                <line number="113" hits="3"/>
              </lines>
            </method>
            <method name="withoutHeader" signature="$name" line-rate="1" branch-rate="0" complexity="1">
              <lines>
                <line number="118" hits="4"/>
                <line number="119" hits="4"/>
                <line number="120" hits="4"/>
              </lines>
            </method>
            <method name="getBody" signature="" line-rate="1" branch-rate="0" complexity="2">
              <lines>
                <line number="125" hits="7"/>
                <line number="126" hits="6"/>
                <line number="129" hits="7"/>
              </lines>
            </method>
            <method name="withBody" signature="Psr\Http\Message\StreamInterface $body" line-rate="1" branch-rate="0" complexity="2">
              <lines>
                <line number="135" hits="2"/>
                <line number="136" hits="1"/>
                <line number="139" hits="1"/>
                <line number="140" hits="1"/>
                <line number="141" hits="1"/>
              </lines>
            </method>
            <method name="headers" signature="" line-rate="1" branch-rate="0" complexity="1">
              <lines>
                <line number="146" hits="15"/>
              </lines>
            </method>
          </methods>
          <lines>
            <line number="25" hits="39"/>
            <line number="29" hits="1"/>
            <line number="34" hits="2"/>
            <line number="35" hits="1"/>
            <line number="38" hits="1"/>
            <line number="39" hits="1"/>
            <line number="40" hits="1"/>
            <line number="45" hits="13"/>
            <line number="50" hits="1"/>
            <line number="55" hits="1"/>
            <line number="60" hits="1"/>
            <line number="65" hits="9"/>
            <line number="67" hits="9"/>
            <line number="68" hits="1"/>
            <line number="69" hits="1"/>
            <line number="71" hits="8"/>
            <line number="72" hits="8"/>
            <line number="75" hits="9"/>
            <line number="80" hits="1"/>
            <line number="82" hits="1"/>
            <line number="83" hits="1"/>
            <line number="84" hits="1"/>
            <line number="87" hits="1"/>
            <line number="88" hits="1"/>
            <line number="89" hits="1"/>
            <line number="91" hits="1"/>
            <line number="92" hits="1"/>
            <line number="96" hits="1"/>
            <line number="101" hits="3"/>
            <line number="103" hits="3"/>
            <line number="104" hits="1"/>
            <line number="105" hits="1"/>
            <line number="106" hits="1"/>
            <line number="109" hits="3"/>
            <line number="110" hits="3"/>
            <line number="113" hits="3"/>
            <line number="118" hits="4"/>
            <line number="119" hits="4"/>
            <line number="120" hits="4"/>
            <line number="125" hits="7"/>
            <line number="126" hits="6"/>
            <line number="129" hits="7"/>
            <line number="135" hits="2"/>
            <line number="136" hits="1"/>
            <line number="139" hits="1"/>
            <line number="140" hits="1"/>
            <line number="141" hits="1"/>
            <line number="146" hits="15"/>
          </lines>
        </class>
      </classes>
    </package>
    <package name="Request.php" line-rate="1" branch-rate="0" complexity="10">
      <classes>
        <class name="PsrMock\Psr7\Request" filename="Request.php" line-rate="1" branch-rate="0" complexity="10">
          <methods>
            <method name="__construct" signature="string $method, \Psr\Http\Message\UriInterface|string $uri, string $protocolVersion, ?PsrMock\Psr7\Collections\Headers $headers, ?Psr\Http\Message\StreamInterface $stream" line-rate="1" branch-rate="0" complexity="2">
              <lines>
                <line number="24" hits="26"/>
                <line number="25" hits="26"/>
              </lines>
            </method>
            <method name="withRequestTarget" signature="mixed $requestTarget" line-rate="1" branch-rate="0" complexity="2">
              <lines>
                <line number="30" hits="2"/>
                <line number="31" hits="1"/>
                <line number="34" hits="1"/>
                <line number="35" hits="1"/>
                <line number="37" hits="1"/>
              </lines>
            </method>
            <method name="getRequestTarget" signature="" line-rate="1" branch-rate="0" complexity="1">
              <lines>
                <line number="42" hits="1"/>
              </lines>
            </method>
            <method name="withMethod" signature="$method" line-rate="1" branch-rate="0" complexity="1">
              <lines>
                <line number="47" hits="1"/>
                <line number="48" hits="1"/>
                <line number="49" hits="1"/>
              </lines>
            </method>
            <method name="getMethod" signature="" line-rate="1" branch-rate="0" complexity="1">
              <lines>
                <line number="54" hits="2"/>
              </lines>
            </method>
            <method name="withUri" signature="Psr\Http\Message\UriInterface $uri, $preserveHost" line-rate="1" branch-rate="0" complexity="1">
              <lines>
                <line number="59" hits="1"/>
                <line number="60" hits="1"/>
                <line number="61" hits="1"/>
              </lines>
            </method>
            <method name="getUri" signature="" line-rate="1" branch-rate="0" complexity="2">
              <lines>
                <line number="72" hits="2"/>
              </lines>
            </method>
          </methods>
          <lines>
            <line number="24" hits="26"/>
            <line number="25" hits="26"/>
            <line number="30" hits="2"/>
            <line number="31" hits="1"/>
            <line number="34" hits="1"/>
            <line number="35" hits="1"/>
            <line number="37" hits="1"/>
            <line number="42" hits="1"/>
            <line number="47" hits="1"/>
            <line number="48" hits="1"/>
            <line number="49" hits="1"/>
            <line number="54" hits="2"/>
            <line number="59" hits="1"/>
            <line number="60" hits="1"/>
            <line number="61" hits="1"/>
            <line number="72" hits="2"/>
          </lines>
        </class>
      </classes>
    </package>
    <package name="Response.php" line-rate="1" branch-rate="0" complexity="6">
      <classes>
        <class name="PsrMock\Psr7\Response" filename="Response.php" line-rate="1" branch-rate="0" complexity="6">
          <methods>
            <method name="__construct" signature="int $statusCode, string $reasonPhrase, string $protocolVersion, ?PsrMock\Psr7\Collections\Headers $headers, ?Psr\Http\Message\StreamInterface $stream" line-rate="1" branch-rate="0" complexity="1">
              <lines>
                <line number="21" hits="13"/>
              </lines>
            </method>
            <method name="getStatusCode" signature="" line-rate="1" branch-rate="0" complexity="1">
              <lines>
                <line number="26" hits="2"/>
              </lines>
            </method>
            <method name="withStatus" signature="$code, $reasonPhrase" line-rate="1" branch-rate="0" complexity="3">
              <lines>
                <line number="31" hits="4"/>
                <line number="32" hits="1"/>
                <line number="35" hits="3"/>
                <line number="36" hits="1"/>
                <line number="39" hits="2"/>
                <line number="40" hits="2"/>
                <line number="41" hits="2"/>
                <line number="42" hits="2"/>
              </lines>
            </method>
            <method name="getReasonPhrase" signature="" line-rate="1" branch-rate="0" complexity="1">
              <lines>
                <line number="47" hits="2"/>
              </lines>
            </method>
          </methods>
          <lines>
            <line number="21" hits="13"/>
            <line number="26" hits="2"/>
            <line number="31" hits="4"/>
            <line number="32" hits="1"/>
            <line number="35" hits="3"/>
            <line number="36" hits="1"/>
            <line number="39" hits="2"/>
            <line number="40" hits="2"/>
            <line number="41" hits="2"/>
            <line number="42" hits="2"/>
            <line number="47" hits="2"/>
          </lines>
        </class>
      </classes>
    </package>
    <package name="Stream.php" line-rate="1" branch-rate="0" complexity="72">
      <classes>
        <class name="PsrMock\Psr7\Stream" filename="Stream.php" line-rate="1" branch-rate="0" complexity="72">
          <methods>
            <method name="__construct" signature="$stream" line-rate="1" branch-rate="0" complexity="6">
              <lines>
                <line number="61" hits="21"/>
                <line number="69" hits="21"/>
                <line number="71" hits="21"/>
                <line number="72" hits="8"/>
                <line number="75" hits="21"/>
                <line number="76" hits="15"/>
                <line number="77" hits="15"/>
              </lines>
            </method>
            <method name="getMetadata" signature="$key" line-rate="1" branch-rate="0" complexity="4">
              <lines>
                <line number="92" hits="19"/>
                <line number="94" hits="19"/>
                <line number="95" hits="1"/>
                <line number="98" hits="19"/>
              </lines>
            </method>
            <method name="attach" signature="$stream" line-rate="1" branch-rate="0" complexity="3">
              <lines>
                <line number="122" hits="21"/>
              </lines>
            </method>
            <method name="__toString" signature="" line-rate="1" branch-rate="0" complexity="3">
              <lines>
                <line number="152" hits="7"/>
                <line number="153" hits="7"/>
                <line number="156" hits="7"/>
              </lines>
            </method>
            <method name="getSize" signature="" line-rate="1" branch-rate="0" complexity="6">
              <lines>
                <line number="180" hits="1"/>
                <line number="181" hits="1"/>
                <line number="183" hits="1"/>
                <line number="184" hits="1"/>
                <line number="188" hits="1"/>
              </lines>
            </method>
            <method name="tell" signature="" line-rate="1" branch-rate="0" complexity="4">
              <lines>
                <line number="194" hits="2"/>
                <line number="196" hits="2"/>
                <line number="197" hits="2"/>
                <line number="206" hits="2"/>
              </lines>
            </method>
            <method name="eof" signature="" line-rate="1" branch-rate="0" complexity="2">
              <lines>
                <line number="212" hits="1"/>
              </lines>
            </method>
            <method name="isReadable" signature="" line-rate="1" branch-rate="0" complexity="6">
              <lines>
                <line number="224" hits="5"/>
                <line number="226" hits="5"/>
                <line number="227" hits="5"/>
                <line number="229" hits="5"/>
                <line number="230" hits="5"/>
                <line number="234" hits="5"/>
              </lines>
            </method>
            <method name="isWritable" signature="" line-rate="1" branch-rate="0" complexity="6">
              <lines>
                <line number="240" hits="17"/>
                <line number="241" hits="17"/>
                <line number="243" hits="17"/>
                <line number="244" hits="17"/>
                <line number="246" hits="17"/>
                <line number="247" hits="2"/>
                <line number="250" hits="16"/>
              </lines>
            </method>
            <method name="isSeekable" signature="" line-rate="1" branch-rate="0" complexity="4">
              <lines>
                <line number="262" hits="16"/>
                <line number="263" hits="16"/>
                <line number="265" hits="16"/>
                <line number="266" hits="16"/>
                <line number="270" hits="16"/>
              </lines>
            </method>
            <method name="seek" signature="$offset, $whence" line-rate="1" branch-rate="0" complexity="4">
              <lines>
                <line number="276" hits="1"/>
                <line number="277" hits="1"/>
              </lines>
            </method>
            <method name="rewind" signature="" line-rate="1" branch-rate="0" complexity="4">
              <lines>
                <line number="284" hits="16"/>
                <line number="285" hits="1"/>
              </lines>
            </method>
            <method name="read" signature="$length" line-rate="1" branch-rate="0" complexity="5">
              <lines>
                <line number="292" hits="5"/>
                <line number="294" hits="5"/>
                <line number="295" hits="4"/>
                <line number="298" hits="5"/>
                <line number="299" hits="4"/>
                <line number="302" hits="1"/>
              </lines>
            </method>
            <method name="write" signature="$string" line-rate="1" branch-rate="0" complexity="4">
              <lines>
                <line number="307" hits="16"/>
                <line number="309" hits="16"/>
                <line number="310" hits="15"/>
                <line number="313" hits="16"/>
                <line number="314" hits="15"/>
                <line number="315" hits="15"/>
                <line number="318" hits="1"/>
              </lines>
            </method>
            <method name="getContents" signature="" line-rate="1" branch-rate="0" complexity="3">
              <lines>
                <line number="324" hits="9"/>
                <line number="326" hits="9"/>
                <line number="327" hits="8"/>
                <line number="330" hits="9"/>
                <line number="331" hits="8"/>
                <line number="334" hits="1"/>
              </lines>
            </method>
            <method name="isPipe" signature="" line-rate="1" branch-rate="0" complexity="4">
              <lines>
                <line number="339" hits="18"/>
                <line number="340" hits="18"/>
                <line number="342" hits="18"/>
                <line number="343" hits="18"/>
                <line number="345" hits="18"/>
                <line number="346" hits="18"/>
                <line number="351" hits="18"/>
              </lines>
            </method>
          </methods>
          <lines>
            <line number="61" hits="21"/>
            <line number="69" hits="21"/>
            <line number="71" hits="21"/>
            <line number="72" hits="8"/>
            <line number="75" hits="21"/>
            <line number="76" hits="15"/>
            <line number="77" hits="15"/>
            <line number="92" hits="19"/>
            <line number="94" hits="19"/>
            <line number="95" hits="1"/>
            <line number="98" hits="19"/>
            <line number="122" hits="21"/>
            <line number="152" hits="7"/>
            <line number="153" hits="7"/>
            <line number="156" hits="7"/>
            <line number="180" hits="1"/>
            <line number="181" hits="1"/>
            <line number="183" hits="1"/>
            <line number="184" hits="1"/>
            <line number="188" hits="1"/>
            <line number="194" hits="2"/>
            <line number="196" hits="2"/>
            <line number="197" hits="2"/>
            <line number="206" hits="2"/>
            <line number="212" hits="1"/>
            <line number="224" hits="5"/>
            <line number="226" hits="5"/>
            <line number="227" hits="5"/>
            <line number="229" hits="5"/>
            <line number="230" hits="5"/>
            <line number="234" hits="5"/>
            <line number="240" hits="17"/>
            <line number="241" hits="17"/>
            <line number="243" hits="17"/>
            <line number="244" hits="17"/>
            <line number="246" hits="17"/>
            <line number="247" hits="2"/>
            <line number="250" hits="16"/>
            <line number="262" hits="16"/>
            <line number="263" hits="16"/>
            <line number="265" hits="16"/>
            <line number="266" hits="16"/>
            <line number="270" hits="16"/>
            <line number="276" hits="1"/>
            <line number="277" hits="1"/>
            <line number="284" hits="16"/>
            <line number="285" hits="1"/>
            <line number="292" hits="5"/>
            <line number="294" hits="5"/>
            <line number="295" hits="4"/>
            <line number="298" hits="5"/>
            <line number="299" hits="4"/>
            <line number="302" hits="1"/>
            <line number="307" hits="16"/>
            <line number="309" hits="16"/>
            <line number="310" hits="15"/>
            <line number="313" hits="16"/>
            <line number="314" hits="15"/>
            <line number="315" hits="15"/>
            <line number="318" hits="1"/>
            <line number="324" hits="9"/>
            <line number="326" hits="9"/>
            <line number="327" hits="8"/>
            <line number="330" hits="9"/>
            <line number="331" hits="8"/>
            <line number="334" hits="1"/>
            <line number="339" hits="18"/>
            <line number="340" hits="18"/>
            <line number="342" hits="18"/>
            <line number="343" hits="18"/>
            <line number="345" hits="18"/>
            <line number="346" hits="18"/>
            <line number="351" hits="18"/>
          </lines>
        </class>
      </classes>
    </package>
    <package name="Uri.php" line-rate="1" branch-rate="0" complexity="44">
      <classes>
        <class name="PsrMock\Psr7\Uri" filename="Uri.php" line-rate="1" branch-rate="0" complexity="44">
          <methods>
            <method name="__construct" signature="string $url, string $scheme, string $host, ?int $port, string $user, string $pass, string $path, string $query, string $fragment" line-rate="1" branch-rate="0" complexity="6">
              <lines>
                <line number="28" hits="53"/>
                <line number="29" hits="31"/>
                <line number="31" hits="31"/>
                <line number="32" hits="1"/>
                <line number="35" hits="30"/>
                <line number="36" hits="30"/>
                <line number="37" hits="30"/>
                <line number="38" hits="30"/>
                <line number="39" hits="30"/>
                <line number="40" hits="30"/>
                <line number="41" hits="30"/>
                <line number="42" hits="30"/>
              </lines>
            </method>
            <method name="getScheme" signature="" line-rate="1" branch-rate="0" complexity="1">
              <lines>
                <line number="48" hits="2"/>
              </lines>
            </method>
            <method name="getAuthority" signature="" line-rate="1" branch-rate="0" complexity="3">
              <lines>
                <line number="53" hits="1"/>
                <line number="55" hits="1"/>
                <line number="56" hits="1"/>
                <line number="59" hits="1"/>
              </lines>
            </method>
            <method name="getUserInfo" signature="" line-rate="1" branch-rate="0" complexity="2">
              <lines>
                <line number="64" hits="4"/>
              </lines>
            </method>
            <method name="getHost" signature="" line-rate="1" branch-rate="0" complexity="1">
              <lines>
                <line number="69" hits="3"/>
              </lines>
            </method>
            <method name="getPort" signature="" line-rate="1" branch-rate="0" complexity="1">
              <lines>
                <line number="74" hits="2"/>
              </lines>
            </method>
            <method name="getPath" signature="" line-rate="1" branch-rate="0" complexity="1">
              <lines>
                <line number="79" hits="2"/>
              </lines>
            </method>
            <method name="getQuery" signature="" line-rate="1" branch-rate="0" complexity="1">
              <lines>
                <line number="84" hits="2"/>
              </lines>
            </method>
            <method name="getFragment" signature="" line-rate="1" branch-rate="0" complexity="1">
              <lines>
                <line number="89" hits="2"/>
              </lines>
            </method>
            <method name="withScheme" signature="$scheme" line-rate="1" branch-rate="0" complexity="2">
              <lines>
                <line number="94" hits="2"/>
                <line number="95" hits="1"/>
                <line number="98" hits="1"/>
                <line number="99" hits="1"/>
                <line number="100" hits="1"/>
              </lines>
            </method>
            <method name="withUserInfo" signature="$user, $password" line-rate="1" branch-rate="0" complexity="4">
              <lines>
                <line number="105" hits="6"/>
                <line number="106" hits="2"/>
                <line number="109" hits="4"/>
                <line number="110" hits="1"/>
                <line number="113" hits="3"/>
                <line number="114" hits="3"/>
                <line number="115" hits="3"/>
                <line number="116" hits="3"/>
              </lines>
            </method>
            <method name="withHost" signature="$host" line-rate="1" branch-rate="0" complexity="2">
              <lines>
                <line number="121" hits="2"/>
                <line number="122" hits="1"/>
                <line number="125" hits="1"/>
                <line number="126" hits="1"/>
                <line number="127" hits="1"/>
              </lines>
            </method>
            <method name="withPort" signature="$port" line-rate="1" branch-rate="0" complexity="4">
              <lines>
                <line number="132" hits="3"/>
                <line number="133" hits="1"/>
                <line number="136" hits="2"/>
                <line number="137" hits="1"/>
                <line number="140" hits="1"/>
                <line number="141" hits="1"/>
                <line number="142" hits="1"/>
              </lines>
            </method>
            <method name="withPath" signature="$path" line-rate="1" branch-rate="0" complexity="2">
              <lines>
                <line number="147" hits="2"/>
                <line number="148" hits="1"/>
                <line number="151" hits="1"/>
                <line number="152" hits="1"/>
                <line number="153" hits="1"/>
              </lines>
            </method>
            <method name="withQuery" signature="$query" line-rate="1" branch-rate="0" complexity="2">
              <lines>
                <line number="158" hits="2"/>
                <line number="159" hits="1"/>
                <line number="162" hits="1"/>
                <line number="163" hits="1"/>
                <line number="164" hits="1"/>
              </lines>
            </method>
            <method name="withFragment" signature="$fragment" line-rate="1" branch-rate="0" complexity="2">
              <lines>
                <line number="169" hits="2"/>
                <line number="170" hits="1"/>
                <line number="173" hits="1"/>
                <line number="174" hits="1"/>
                <line number="175" hits="1"/>
              </lines>
            </method>
            <method name="__toString" signature="" line-rate="1" branch-rate="0" complexity="9">
              <lines>
                <line number="180" hits="7"/>
                <line number="182" hits="7"/>
                <line number="183" hits="6"/>
                <line number="186" hits="7"/>
                <line number="187" hits="2"/>
                <line number="189" hits="2"/>
                <line number="190" hits="2"/>
                <line number="193" hits="2"/>
                <line number="196" hits="7"/>
                <line number="197" hits="6"/>
                <line number="200" hits="7"/>
                <line number="201" hits="2"/>
                <line number="204" hits="7"/>
                <line number="205" hits="6"/>
                <line number="208" hits="7"/>
                <line number="209" hits="6"/>
                <line number="212" hits="7"/>
                <line number="213" hits="1"/>
                <line number="216" hits="7"/>
              </lines>
            </method>
          </methods>
          <lines>
            <line number="28" hits="53"/>
            <line number="29" hits="31"/>
            <line number="31" hits="31"/>
            <line number="32" hits="1"/>
            <line number="35" hits="30"/>
            <line number="36" hits="30"/>
            <line number="37" hits="30"/>
            <line number="38" hits="30"/>
            <line number="39" hits="30"/>
            <line number="40" hits="30"/>
            <line number="41" hits="30"/>
            <line number="42" hits="30"/>
            <line number="48" hits="2"/>
            <line number="53" hits="1"/>
            <line number="55" hits="1"/>
            <line number="56" hits="1"/>
            <line number="59" hits="1"/>
            <line number="64" hits="4"/>
            <line number="69" hits="3"/>
            <line number="74" hits="2"/>
            <line number="79" hits="2"/>
            <line number="84" hits="2"/>
            <line number="89" hits="2"/>
            <line number="94" hits="2"/>
            <line number="95" hits="1"/>
            <line number="98" hits="1"/>
            <line number="99" hits="1"/>
            <line number="100" hits="1"/>
            <line number="105" hits="6"/>
            <line number="106" hits="2"/>
            <line number="109" hits="4"/>
            <line number="110" hits="1"/>
            <line number="113" hits="3"/>
            <line number="114" hits="3"/>
            <line number="115" hits="3"/>
            <line number="116" hits="3"/>
            <line number="121" hits="2"/>
            <line number="122" hits="1"/>
            <line number="125" hits="1"/>
            <line number="126" hits="1"/>
            <line number="127" hits="1"/>
            <line number="132" hits="3"/>
            <line number="133" hits="1"/>
            <line number="136" hits="2"/>
            <line number="137" hits="1"/>
            <line number="140" hits="1"/>
            <line number="141" hits="1"/>
            <line number="142" hits="1"/>
            <line number="147" hits="2"/>
            <line number="148" hits="1"/>
            <line number="151" hits="1"/>
            <line number="152" hits="1"/>
            <line number="153" hits="1"/>
            <line number="158" hits="2"/>
            <line number="159" hits="1"/>
            <line number="162" hits="1"/>
            <line number="163" hits="1"/>
            <line number="164" hits="1"/>
            <line number="169" hits="2"/>
            <line number="170" hits="1"/>
            <line number="173" hits="1"/>
            <line number="174" hits="1"/>
            <line number="175" hits="1"/>
            <line number="180" hits="7"/>
            <line number="182" hits="7"/>
            <line number="183" hits="6"/>
            <line number="186" hits="7"/>
            <line number="187" hits="2"/>
            <line number="189" hits="2"/>
            <line number="190" hits="2"/>
            <line number="193" hits="2"/>
            <line number="196" hits="7"/>
            <line number="197" hits="6"/>
            <line number="200" hits="7"/>
            <line number="201" hits="2"/>
            <line number="204" hits="7"/>
            <line number="205" hits="6"/>
            <line number="208" hits="7"/>
            <line number="209" hits="6"/>
            <line number="212" hits="7"/>
            <line number="213" hits="1"/>
            <line number="216" hits="7"/>
          </lines>
        </class>
      </classes>
    </package>
  </packages>
</coverage>
