<?xml version="1.0" encoding="UTF-8"?>
<!DOCTYPE coverage SYSTEM "http://cobertura.sourceforge.net/xml/coverage-04.dtd">
<coverage line-rate="1" branch-rate="0" lines-covered="268" lines-valid="268" branches-covered="0" branches-valid="0" complexity="180" version="0.4" timestamp="1678715674">
  <sources>
    <source>/Users/evan/Developer/psr-mock/http-message-implementation/src</source>
  </sources>
  <packages>
    <package name="Collections/Headers.php" line-rate="1" branch-rate="0" complexity="14">
      <classes>
        <class name="PsrMock\Psr7\Collections\Headers" filename="Collections/Headers.php" line-rate="1" branch-rate="0" complexity="14">
          <methods>
            <method name="normalizeHeaderName" signature="string $name" line-rate="1" branch-rate="0" complexity="1">
              <lines>
                <line number="13" hits="19"/>
              </lines>
            </method>
            <method name="add" signature="string $name, string $value" line-rate="1" branch-rate="0" complexity="1">
              <lines>
                <line number="18" hits="14"/>
                <line number="19" hits="14"/>
                <line number="20" hits="14"/>
              </lines>
            </method>
            <method name="addHeader" signature="PsrMock\Psr7\Entities\Header $header" line-rate="1" branch-rate="0" complexity="1">
              <lines>
                <line number="25" hits="4"/>
                <line number="26" hits="4"/>
                <line number="27" hits="4"/>
              </lines>
            </method>
            <method name="all" signature="" line-rate="1" branch-rate="0" complexity="3">
              <lines>
                <line number="35" hits="14"/>
                <line number="37" hits="14"/>
                <line number="38" hits="9"/>
                <line number="39" hits="9"/>
                <line number="41" hits="9"/>
                <line number="43" hits="9"/>
                <line number="47" hits="14"/>
              </lines>
            </method>
            <method name="get" signature="string $name" line-rate="1" branch-rate="0" complexity="2">
              <lines>
                <line number="57" hits="7"/>
                <line number="58" hits="7"/>
                <line number="59" hits="7"/>
                <line number="61" hits="7"/>
                <line number="63" hits="6"/>
                <line number="66" hits="7"/>
              </lines>
            </method>
            <method name="getHeader" signature="string $name" line-rate="1" branch-rate="0" complexity="1">
              <lines>
                <line number="76" hits="1"/>
                <line number="77" hits="1"/>
                <line number="81" hits="1"/>
              </lines>
            </method>
            <method name="getString" signature="string $name" line-rate="1" branch-rate="0" complexity="1">
              <lines>
                <line number="86" hits="1"/>
              </lines>
            </method>
            <method name="has" signature="string $name" line-rate="1" branch-rate="0" complexity="1">
              <lines>
                <line number="91" hits="1"/>
                <line number="93" hits="1"/>
              </lines>
            </method>
            <method name="remove" signature="string $name" line-rate="1" branch-rate="0" complexity="1">
              <lines>
                <line number="98" hits="5"/>
                <line number="99" hits="5"/>
              </lines>
            </method>
            <method name="set" signature="string $name, string $value" line-rate="1" branch-rate="0" complexity="1">
              <lines>
                <line number="104" hits="1"/>
                <line number="105" hits="1"/>
              </lines>
            </method>
            <method name="setHeader" signature="PsrMock\Psr7\Entities\Header $header" line-rate="1" branch-rate="0" complexity="1">
              <lines>
                <line number="110" hits="1"/>
                <line number="111" hits="1"/>
              </lines>
            </method>
          </methods>
          <lines>
            <line number="13" hits="19"/>
            <line number="18" hits="14"/>
            <line number="19" hits="14"/>
            <line number="20" hits="14"/>
            <line number="25" hits="4"/>
            <line number="26" hits="4"/>
            <line number="27" hits="4"/>
            <line number="35" hits="14"/>
            <line number="37" hits="14"/>
            <line number="38" hits="9"/>
            <line number="39" hits="9"/>
            <line number="41" hits="9"/>
            <line number="43" hits="9"/>
            <line number="47" hits="14"/>
            <line number="57" hits="7"/>
            <line number="58" hits="7"/>
            <line number="59" hits="7"/>
            <line number="61" hits="7"/>
            <line number="63" hits="6"/>
            <line number="66" hits="7"/>
            <line number="76" hits="1"/>
            <line number="77" hits="1"/>
            <line number="81" hits="1"/>
            <line number="86" hits="1"/>
            <line number="91" hits="1"/>
            <line number="93" hits="1"/>
            <line number="98" hits="5"/>
            <line number="99" hits="5"/>
            <line number="104" hits="1"/>
            <line number="105" hits="1"/>
            <line number="110" hits="1"/>
            <line number="111" hits="1"/>
          </lines>
        </class>
      </classes>
    </package>
    <package name="Entities/Header.php" line-rate="1" branch-rate="0" complexity="5">
      <classes>
        <class name="PsrMock\Psr7\Entities\Header" filename="Entities/Header.php" line-rate="1" branch-rate="0" complexity="5">
          <methods>
            <method name="__construct" signature="string $name, string $value" line-rate="1" branch-rate="0" complexity="1">
              <lines>
                <line number="13" hits="22"/>
                <line number="14" hits="22"/>
              </lines>
            </method>
            <method name="__toString" signature="" line-rate="1" branch-rate="0" complexity="1">
              <lines>
                <line number="19" hits="1"/>
              </lines>
            </method>
            <method name="getName" signature="" line-rate="1" branch-rate="0" complexity="1">
              <lines>
                <line number="24" hits="14"/>
              </lines>
            </method>
            <method name="getValue" signature="" line-rate="1" branch-rate="0" complexity="1">
              <lines>
                <line number="29" hits="16"/>
              </lines>
            </method>
            <method name="setValue" signature="string $value" line-rate="1" branch-rate="0" complexity="1">
              <lines>
                <line number="34" hits="1"/>
              </lines>
            </method>
          </methods>
          <lines>
            <line number="13" hits="22"/>
            <line number="14" hits="22"/>
            <line number="19" hits="1"/>
            <line number="24" hits="14"/>
            <line number="29" hits="16"/>
            <line number="34" hits="1"/>
          </lines>
        </class>
      </classes>
    </package>
    <package name="Message.php" line-rate="1" branch-rate="0" complexity="29">
      <classes>
        <class name="PsrMock\Psr7\Message" filename="Message.php" line-rate="1" branch-rate="0" complexity="29">
          <methods>
            <method name="__construct" signature="string $protocolVersion, ?PsrMock\Psr7\Collections\Headers $headers, ?Psr\Http\Message\StreamInterface $stream" line-rate="1" branch-rate="0" complexity="1">
              <lines>
                <line number="26" hits="39"/>
              </lines>
            </method>
            <method name="headers" signature="" line-rate="1" branch-rate="0" complexity="1">
              <lines>
                <line number="30" hits="15"/>
              </lines>
            </method>
            <method name="getBody" signature="" line-rate="1" branch-rate="0" complexity="2">
              <lines>
                <line number="35" hits="7"/>
                <line number="36" hits="6"/>
                <line number="39" hits="7"/>
              </lines>
            </method>
            <method name="getHeader" signature="$name" line-rate="1" branch-rate="0" complexity="1">
              <lines>
                <line number="44" hits="1"/>
              </lines>
            </method>
            <method name="getHeaderLine" signature="$name" line-rate="1" branch-rate="0" complexity="1">
              <lines>
                <line number="49" hits="1"/>
              </lines>
            </method>
            <method name="getHeaders" signature="" line-rate="1" branch-rate="0" complexity="1">
              <lines>
                <line number="54" hits="13"/>
              </lines>
            </method>
            <method name="getProtocolVersion" signature="" line-rate="1" branch-rate="0" complexity="1">
              <lines>
                <line number="59" hits="1"/>
              </lines>
            </method>
            <method name="hasHeader" signature="$name" line-rate="1" branch-rate="0" complexity="1">
              <lines>
                <line number="64" hits="1"/>
              </lines>
            </method>
            <method name="withAddedHeader" signature="$name, $value" line-rate="1" branch-rate="0" complexity="5">
              <lines>
                <line number="69" hits="3"/>
                <line number="71" hits="3"/>
                <line number="72" hits="1"/>
                <line number="73" hits="1"/>
                <line number="74" hits="1"/>
                <line number="77" hits="3"/>
                <line number="78" hits="3"/>
                <line number="81" hits="3"/>
              </lines>
            </method>
            <method name="withBody" signature="Psr\Http\Message\StreamInterface $body" line-rate="1" branch-rate="0" complexity="2">
              <lines>
                <line number="87" hits="2"/>
                <line number="88" hits="1"/>
                <line number="91" hits="1"/>
                <line number="92" hits="1"/>
                <line number="94" hits="1"/>
              </lines>
            </method>
            <method name="withHeader" signature="$name, $value" line-rate="1" branch-rate="0" complexity="4">
              <lines>
                <line number="99" hits="9"/>
                <line number="101" hits="9"/>
                <line number="102" hits="1"/>
                <line number="103" hits="1"/>
                <line number="105" hits="8"/>
                <line number="106" hits="8"/>
                <line number="109" hits="9"/>
              </lines>
            </method>
            <method name="withHeaders" signature="array $headers" line-rate="1" branch-rate="0" complexity="6">
              <lines>
                <line number="114" hits="1"/>
                <line number="116" hits="1"/>
                <line number="117" hits="1"/>
                <line number="118" hits="1"/>
                <line number="121" hits="1"/>
                <line number="122" hits="1"/>
                <line number="123" hits="1"/>
                <line number="125" hits="1"/>
                <line number="126" hits="1"/>
                <line number="130" hits="1"/>
              </lines>
            </method>
            <method name="withoutHeader" signature="$name" line-rate="1" branch-rate="0" complexity="1">
              <lines>
                <line number="135" hits="4"/>
                <line number="136" hits="4"/>
                <line number="138" hits="4"/>
              </lines>
            </method>
            <method name="withProtocolVersion" signature="$version" line-rate="1" branch-rate="0" complexity="2">
              <lines>
                <line number="143" hits="2"/>
                <line number="144" hits="1"/>
                <line number="147" hits="1"/>
                <line number="148" hits="1"/>
                <line number="150" hits="1"/>
              </lines>
            </method>
          </methods>
          <lines>
            <line number="26" hits="39"/>
            <line number="30" hits="15"/>
            <line number="35" hits="7"/>
            <line number="36" hits="6"/>
            <line number="39" hits="7"/>
            <line number="44" hits="1"/>
            <line number="49" hits="1"/>
            <line number="54" hits="13"/>
            <line number="59" hits="1"/>
            <line number="64" hits="1"/>
            <line number="69" hits="3"/>
            <line number="71" hits="3"/>
            <line number="72" hits="1"/>
            <line number="73" hits="1"/>
            <line number="74" hits="1"/>
            <line number="77" hits="3"/>
            <line number="78" hits="3"/>
            <line number="81" hits="3"/>
            <line number="87" hits="2"/>
            <line number="88" hits="1"/>
            <line number="91" hits="1"/>
            <line number="92" hits="1"/>
            <line number="94" hits="1"/>
            <line number="99" hits="9"/>
            <line number="101" hits="9"/>
            <line number="102" hits="1"/>
            <line number="103" hits="1"/>
            <line number="105" hits="8"/>
            <line number="106" hits="8"/>
            <line number="109" hits="9"/>
            <line number="114" hits="1"/>
            <line number="116" hits="1"/>
            <line number="117" hits="1"/>
            <line number="118" hits="1"/>
            <line number="121" hits="1"/>
            <line number="122" hits="1"/>
            <line number="123" hits="1"/>
            <line number="125" hits="1"/>
            <line number="126" hits="1"/>
            <line number="130" hits="1"/>
            <line number="135" hits="4"/>
            <line number="136" hits="4"/>
            <line number="138" hits="4"/>
            <line number="143" hits="2"/>
            <line number="144" hits="1"/>
            <line number="147" hits="1"/>
            <line number="148" hits="1"/>
            <line number="150" hits="1"/>
          </lines>
        </class>
      </classes>
    </package>
    <package name="Request.php" line-rate="1" branch-rate="0" complexity="10">
      <classes>
        <class name="PsrMock\Psr7\Request" filename="Request.php" line-rate="1" branch-rate="0" complexity="10">
          <methods>
            <method name="__construct" signature="string $method, \Psr\Http\Message\UriInterface|string $uri, string $protocolVersion, ?PsrMock\Psr7\Collections\Headers $headers, ?Psr\Http\Message\StreamInterface $stream" line-rate="1" branch-rate="0" complexity="2">
              <lines>
                <line number="22" hits="26"/>
                <line number="23" hits="26"/>
              </lines>
            </method>
            <method name="getMethod" signature="" line-rate="1" branch-rate="0" complexity="1">
              <lines>
                <line number="28" hits="2"/>
              </lines>
            </method>
            <method name="getRequestTarget" signature="" line-rate="1" branch-rate="0" complexity="1">
              <lines>
                <line number="33" hits="1"/>
              </lines>
            </method>
            <method name="getUri" signature="" line-rate="1" branch-rate="0" complexity="2">
              <lines>
                <line number="44" hits="2"/>
              </lines>
            </method>
            <method name="withMethod" signature="$method" line-rate="1" branch-rate="0" complexity="1">
              <lines>
                <line number="49" hits="1"/>
                <line number="50" hits="1"/>
                <line number="52" hits="1"/>
              </lines>
            </method>
            <method name="withRequestTarget" signature="mixed $requestTarget" line-rate="1" branch-rate="0" complexity="2">
              <lines>
                <line number="57" hits="2"/>
                <line number="58" hits="1"/>
                <line number="61" hits="1"/>
                <line number="62" hits="1"/>
                <line number="64" hits="1"/>
              </lines>
            </method>
            <method name="withUri" signature="Psr\Http\Message\UriInterface $uri, $preserveHost" line-rate="1" branch-rate="0" complexity="1">
              <lines>
                <line number="69" hits="1"/>
                <line number="70" hits="1"/>
                <line number="72" hits="1"/>
              </lines>
            </method>
          </methods>
          <lines>
            <line number="22" hits="26"/>
            <line number="23" hits="26"/>
            <line number="28" hits="2"/>
            <line number="33" hits="1"/>
            <line number="44" hits="2"/>
            <line number="49" hits="1"/>
            <line number="50" hits="1"/>
            <line number="52" hits="1"/>
            <line number="57" hits="2"/>
            <line number="58" hits="1"/>
            <line number="61" hits="1"/>
            <line number="62" hits="1"/>
            <line number="64" hits="1"/>
            <line number="69" hits="1"/>
            <line number="70" hits="1"/>
            <line number="72" hits="1"/>
          </lines>
        </class>
      </classes>
    </package>
    <package name="Response.php" line-rate="1" branch-rate="0" complexity="6">
      <classes>
        <class name="PsrMock\Psr7\Response" filename="Response.php" line-rate="1" branch-rate="0" complexity="6">
          <methods>
            <method name="__construct" signature="int $statusCode, string $reasonPhrase, string $protocolVersion, ?PsrMock\Psr7\Collections\Headers $headers, ?Psr\Http\Message\StreamInterface $stream" line-rate="1" branch-rate="0" complexity="1">
              <lines>
                <line number="23" hits="13"/>
              </lines>
            </method>
            <method name="getReasonPhrase" signature="" line-rate="1" branch-rate="0" complexity="1">
              <lines>
                <line number="28" hits="2"/>
              </lines>
            </method>
            <method name="getStatusCode" signature="" line-rate="1" branch-rate="0" complexity="1">
              <lines>
                <line number="33" hits="2"/>
              </lines>
            </method>
            <method name="withStatus" signature="$code, $reasonPhrase" line-rate="1" branch-rate="0" complexity="3">
              <lines>
                <line number="38" hits="4"/>
                <line number="39" hits="1"/>
                <line number="42" hits="3"/>
                <line number="43" hits="1"/>
                <line number="46" hits="2"/>
                <line number="47" hits="2"/>
                <line number="48" hits="2"/>
                <line number="50" hits="2"/>
              </lines>
            </method>
          </methods>
          <lines>
            <line number="23" hits="13"/>
            <line number="28" hits="2"/>
            <line number="33" hits="2"/>
            <line number="38" hits="4"/>
            <line number="39" hits="1"/>
            <line number="42" hits="3"/>
            <line number="43" hits="1"/>
            <line number="46" hits="2"/>
            <line number="47" hits="2"/>
            <line number="48" hits="2"/>
            <line number="50" hits="2"/>
          </lines>
        </class>
      </classes>
    </package>
    <package name="Stream.php" line-rate="1" branch-rate="0" complexity="72">
      <classes>
        <class name="PsrMock\Psr7\Stream" filename="Stream.php" line-rate="1" branch-rate="0" complexity="72">
          <methods>
            <method name="__construct" signature="$stream" line-rate="1" branch-rate="0" complexity="6">
              <lines>
                <line number="42" hits="21"/>
                <line number="50" hits="21"/>
                <line number="52" hits="21"/>
                <line number="53" hits="8"/>
                <line number="56" hits="21"/>
                <line number="57" hits="15"/>
                <line number="58" hits="15"/>
              </lines>
            </method>
            <method name="__toString" signature="" line-rate="1" branch-rate="0" complexity="3">
              <lines>
                <line number="70" hits="7"/>
                <line number="71" hits="7"/>
                <line number="74" hits="7"/>
              </lines>
            </method>
            <method name="attach" signature="$stream" line-rate="1" branch-rate="0" complexity="3">
              <lines>
                <line number="98" hits="21"/>
              </lines>
            </method>
            <method name="eof" signature="" line-rate="1" branch-rate="0" complexity="2">
              <lines>
                <line number="139" hits="1"/>
              </lines>
            </method>
            <method name="getContents" signature="" line-rate="1" branch-rate="0" complexity="3">
              <lines>
                <line number="144" hits="9"/>
                <line number="146" hits="9"/>
                <line number="147" hits="8"/>
                <line number="150" hits="9"/>
                <line number="151" hits="8"/>
                <line number="154" hits="1"/>
              </lines>
            </method>
            <method name="getMetadata" signature="$key" line-rate="1" branch-rate="0" complexity="4">
              <lines>
                <line number="170" hits="19"/>
                <line number="172" hits="19"/>
                <line number="173" hits="1"/>
                <line number="176" hits="19"/>
              </lines>
            </method>
            <method name="getSize" signature="" line-rate="1" branch-rate="0" complexity="6">
              <lines>
                <line number="181" hits="1"/>
                <line number="182" hits="1"/>
                <line number="184" hits="1"/>
                <line number="185" hits="1"/>
                <line number="189" hits="1"/>
              </lines>
            </method>
            <method name="isPipe" signature="" line-rate="1" branch-rate="0" complexity="4">
              <lines>
                <line number="194" hits="18"/>
                <line number="195" hits="18"/>
                <line number="197" hits="18"/>
                <line number="198" hits="18"/>
                <line number="200" hits="18"/>
                <line number="201" hits="18"/>
                <line number="206" hits="18"/>
              </lines>
            </method>
            <method name="isReadable" signature="" line-rate="1" branch-rate="0" complexity="6">
              <lines>
                <line number="217" hits="5"/>
                <line number="219" hits="5"/>
                <line number="220" hits="5"/>
                <line number="222" hits="5"/>
                <line number="223" hits="5"/>
                <line number="227" hits="5"/>
              </lines>
            </method>
            <method name="isSeekable" signature="" line-rate="1" branch-rate="0" complexity="4">
              <lines>
                <line number="232" hits="16"/>
                <line number="233" hits="16"/>
                <line number="235" hits="16"/>
                <line number="236" hits="16"/>
                <line number="240" hits="16"/>
              </lines>
            </method>
            <method name="isWritable" signature="" line-rate="1" branch-rate="0" complexity="6">
              <lines>
                <line number="245" hits="17"/>
                <line number="246" hits="17"/>
                <line number="248" hits="17"/>
                <line number="249" hits="17"/>
                <line number="251" hits="17"/>
                <line number="252" hits="2"/>
                <line number="255" hits="16"/>
              </lines>
            </method>
            <method name="read" signature="$length" line-rate="1" branch-rate="0" complexity="5">
              <lines>
                <line number="266" hits="5"/>
                <line number="268" hits="5"/>
                <line number="269" hits="4"/>
                <line number="272" hits="5"/>
                <line number="273" hits="4"/>
                <line number="276" hits="1"/>
              </lines>
            </method>
            <method name="rewind" signature="" line-rate="1" branch-rate="0" complexity="4">
              <lines>
                <line number="281" hits="16"/>
                <line number="282" hits="1"/>
              </lines>
            </method>
            <method name="seek" signature="$offset, $whence" line-rate="1" branch-rate="0" complexity="4">
              <lines>
                <line number="288" hits="1"/>
                <line number="289" hits="1"/>
              </lines>
            </method>
            <method name="tell" signature="" line-rate="1" branch-rate="0" complexity="4">
              <lines>
                <line number="295" hits="2"/>
                <line number="297" hits="2"/>
                <line number="298" hits="2"/>
                <line number="307" hits="2"/>
              </lines>
            </method>
            <method name="write" signature="$string" line-rate="1" branch-rate="0" complexity="4">
              <lines>
                <line number="312" hits="16"/>
                <line number="314" hits="16"/>
                <line number="315" hits="15"/>
                <line number="318" hits="16"/>
                <line number="319" hits="15"/>
                <line number="321" hits="15"/>
                <line number="324" hits="1"/>
              </lines>
            </method>
          </methods>
          <lines>
            <line number="42" hits="21"/>
            <line number="50" hits="21"/>
            <line number="52" hits="21"/>
            <line number="53" hits="8"/>
            <line number="56" hits="21"/>
            <line number="57" hits="15"/>
            <line number="58" hits="15"/>
            <line number="70" hits="7"/>
            <line number="71" hits="7"/>
            <line number="74" hits="7"/>
            <line number="98" hits="21"/>
            <line number="139" hits="1"/>
            <line number="144" hits="9"/>
            <line number="146" hits="9"/>
            <line number="147" hits="8"/>
            <line number="150" hits="9"/>
            <line number="151" hits="8"/>
            <line number="154" hits="1"/>
            <line number="170" hits="19"/>
            <line number="172" hits="19"/>
            <line number="173" hits="1"/>
            <line number="176" hits="19"/>
            <line number="181" hits="1"/>
            <line number="182" hits="1"/>
            <line number="184" hits="1"/>
            <line number="185" hits="1"/>
            <line number="189" hits="1"/>
            <line number="194" hits="18"/>
            <line number="195" hits="18"/>
            <line number="197" hits="18"/>
            <line number="198" hits="18"/>
            <line number="200" hits="18"/>
            <line number="201" hits="18"/>
            <line number="206" hits="18"/>
            <line number="217" hits="5"/>
            <line number="219" hits="5"/>
            <line number="220" hits="5"/>
            <line number="222" hits="5"/>
            <line number="223" hits="5"/>
            <line number="227" hits="5"/>
            <line number="232" hits="16"/>
            <line number="233" hits="16"/>
            <line number="235" hits="16"/>
            <line number="236" hits="16"/>
            <line number="240" hits="16"/>
            <line number="245" hits="17"/>
            <line number="246" hits="17"/>
            <line number="248" hits="17"/>
            <line number="249" hits="17"/>
            <line number="251" hits="17"/>
            <line number="252" hits="2"/>
            <line number="255" hits="16"/>
            <line number="266" hits="5"/>
            <line number="268" hits="5"/>
            <line number="269" hits="4"/>
            <line number="272" hits="5"/>
            <line number="273" hits="4"/>
            <line number="276" hits="1"/>
            <line number="281" hits="16"/>
            <line number="282" hits="1"/>
            <line number="288" hits="1"/>
            <line number="289" hits="1"/>
            <line number="295" hits="2"/>
            <line number="297" hits="2"/>
            <line number="298" hits="2"/>
            <line number="307" hits="2"/>
            <line number="312" hits="16"/>
            <line number="314" hits="16"/>
            <line number="315" hits="15"/>
            <line number="318" hits="16"/>
            <line number="319" hits="15"/>
            <line number="321" hits="15"/>
            <line number="324" hits="1"/>
          </lines>
        </class>
      </classes>
    </package>
    <package name="Uri.php" line-rate="1" branch-rate="0" complexity="44">
      <classes>
        <class name="PsrMock\Psr7\Uri" filename="Uri.php" line-rate="1" branch-rate="0" complexity="44">
          <methods>
            <method name="__construct" signature="string $url, string $scheme, string $host, ?int $port, string $user, string $pass, string $path, string $query, string $fragment" line-rate="1" branch-rate="0" complexity="6">
              <lines>
                <line number="28" hits="53"/>
                <line number="29" hits="31"/>
                <line number="31" hits="31"/>
                <line number="32" hits="1"/>
                <line number="35" hits="30"/>
                <line number="36" hits="30"/>
                <line number="37" hits="30"/>
                <line number="38" hits="30"/>
                <line number="39" hits="30"/>
                <line number="40" hits="30"/>
                <line number="41" hits="30"/>
                <line number="42" hits="30"/>
              </lines>
            </method>
            <method name="__toString" signature="" line-rate="1" branch-rate="0" complexity="9">
              <lines>
                <line number="48" hits="7"/>
                <line number="50" hits="7"/>
                <line number="51" hits="6"/>
                <line number="54" hits="7"/>
                <line number="55" hits="2"/>
                <line number="57" hits="2"/>
                <line number="58" hits="2"/>
                <line number="61" hits="2"/>
                <line number="64" hits="7"/>
                <line number="65" hits="6"/>
                <line number="68" hits="7"/>
                <line number="69" hits="2"/>
                <line number="72" hits="7"/>
                <line number="73" hits="6"/>
                <line number="76" hits="7"/>
                <line number="77" hits="6"/>
                <line number="80" hits="7"/>
                <line number="81" hits="1"/>
                <line number="84" hits="7"/>
              </lines>
            </method>
            <method name="getAuthority" signature="" line-rate="1" branch-rate="0" complexity="3">
              <lines>
                <line number="89" hits="1"/>
                <line number="91" hits="1"/>
                <line number="92" hits="1"/>
                <line number="95" hits="1"/>
              </lines>
            </method>
            <method name="getFragment" signature="" line-rate="1" branch-rate="0" complexity="1">
              <lines>
                <line number="100" hits="2"/>
              </lines>
            </method>
            <method name="getHost" signature="" line-rate="1" branch-rate="0" complexity="1">
              <lines>
                <line number="105" hits="3"/>
              </lines>
            </method>
            <method name="getPath" signature="" line-rate="1" branch-rate="0" complexity="1">
              <lines>
                <line number="110" hits="2"/>
              </lines>
            </method>
            <method name="getPort" signature="" line-rate="1" branch-rate="0" complexity="1">
              <lines>
                <line number="115" hits="2"/>
              </lines>
            </method>
            <method name="getQuery" signature="" line-rate="1" branch-rate="0" complexity="1">
              <lines>
                <line number="120" hits="2"/>
              </lines>
            </method>
            <method name="getScheme" signature="" line-rate="1" branch-rate="0" complexity="1">
              <lines>
                <line number="125" hits="2"/>
              </lines>
            </method>
            <method name="getUserInfo" signature="" line-rate="1" branch-rate="0" complexity="2">
              <lines>
                <line number="130" hits="4"/>
              </lines>
            </method>
            <method name="withFragment" signature="$fragment" line-rate="1" branch-rate="0" complexity="2">
              <lines>
                <line number="135" hits="2"/>
                <line number="136" hits="1"/>
                <line number="139" hits="1"/>
                <line number="140" hits="1"/>
                <line number="142" hits="1"/>
              </lines>
            </method>
            <method name="withHost" signature="$host" line-rate="1" branch-rate="0" complexity="2">
              <lines>
                <line number="147" hits="2"/>
                <line number="148" hits="1"/>
                <line number="151" hits="1"/>
                <line number="152" hits="1"/>
                <line number="154" hits="1"/>
              </lines>
            </method>
            <method name="withPath" signature="$path" line-rate="1" branch-rate="0" complexity="2">
              <lines>
                <line number="159" hits="2"/>
                <line number="160" hits="1"/>
                <line number="163" hits="1"/>
                <line number="164" hits="1"/>
                <line number="166" hits="1"/>
              </lines>
            </method>
            <method name="withPort" signature="$port" line-rate="1" branch-rate="0" complexity="4">
              <lines>
                <line number="171" hits="3"/>
                <line number="172" hits="1"/>
                <line number="175" hits="2"/>
                <line number="176" hits="1"/>
                <line number="179" hits="1"/>
                <line number="180" hits="1"/>
                <line number="182" hits="1"/>
              </lines>
            </method>
            <method name="withQuery" signature="$query" line-rate="1" branch-rate="0" complexity="2">
              <lines>
                <line number="187" hits="2"/>
                <line number="188" hits="1"/>
                <line number="191" hits="1"/>
                <line number="192" hits="1"/>
                <line number="194" hits="1"/>
              </lines>
            </method>
            <method name="withScheme" signature="$scheme" line-rate="1" branch-rate="0" complexity="2">
              <lines>
                <line number="199" hits="2"/>
                <line number="200" hits="1"/>
                <line number="203" hits="1"/>
                <line number="204" hits="1"/>
                <line number="206" hits="1"/>
              </lines>
            </method>
            <method name="withUserInfo" signature="$user, $password" line-rate="1" branch-rate="0" complexity="4">
              <lines>
                <line number="211" hits="6"/>
                <line number="212" hits="2"/>
                <line number="215" hits="4"/>
                <line number="216" hits="1"/>
                <line number="219" hits="3"/>
                <line number="220" hits="3"/>
                <line number="221" hits="3"/>
                <line number="223" hits="3"/>
              </lines>
            </method>
          </methods>
          <lines>
            <line number="28" hits="53"/>
            <line number="29" hits="31"/>
            <line number="31" hits="31"/>
            <line number="32" hits="1"/>
            <line number="35" hits="30"/>
            <line number="36" hits="30"/>
            <line number="37" hits="30"/>
            <line number="38" hits="30"/>
            <line number="39" hits="30"/>
            <line number="40" hits="30"/>
            <line number="41" hits="30"/>
            <line number="42" hits="30"/>
            <line number="48" hits="7"/>
            <line number="50" hits="7"/>
            <line number="51" hits="6"/>
            <line number="54" hits="7"/>
            <line number="55" hits="2"/>
            <line number="57" hits="2"/>
            <line number="58" hits="2"/>
            <line number="61" hits="2"/>
            <line number="64" hits="7"/>
            <line number="65" hits="6"/>
            <line number="68" hits="7"/>
            <line number="69" hits="2"/>
            <line number="72" hits="7"/>
            <line number="73" hits="6"/>
            <line number="76" hits="7"/>
            <line number="77" hits="6"/>
            <line number="80" hits="7"/>
            <line number="81" hits="1"/>
            <line number="84" hits="7"/>
            <line number="89" hits="1"/>
            <line number="91" hits="1"/>
            <line number="92" hits="1"/>
            <line number="95" hits="1"/>
            <line number="100" hits="2"/>
            <line number="105" hits="3"/>
            <line number="110" hits="2"/>
            <line number="115" hits="2"/>
            <line number="120" hits="2"/>
            <line number="125" hits="2"/>
            <line number="130" hits="4"/>
            <line number="135" hits="2"/>
            <line number="136" hits="1"/>
            <line number="139" hits="1"/>
            <line number="140" hits="1"/>
            <line number="142" hits="1"/>
            <line number="147" hits="2"/>
            <line number="148" hits="1"/>
            <line number="151" hits="1"/>
            <line number="152" hits="1"/>
            <line number="154" hits="1"/>
            <line number="159" hits="2"/>
            <line number="160" hits="1"/>
            <line number="163" hits="1"/>
            <line number="164" hits="1"/>
            <line number="166" hits="1"/>
            <line number="171" hits="3"/>
            <line number="172" hits="1"/>
            <line number="175" hits="2"/>
            <line number="176" hits="1"/>
            <line number="179" hits="1"/>
            <line number="180" hits="1"/>
            <line number="182" hits="1"/>
            <line number="187" hits="2"/>
            <line number="188" hits="1"/>
            <line number="191" hits="1"/>
            <line number="192" hits="1"/>
            <line number="194" hits="1"/>
            <line number="199" hits="2"/>
            <line number="200" hits="1"/>
            <line number="203" hits="1"/>
            <line number="204" hits="1"/>
            <line number="206" hits="1"/>
            <line number="211" hits="6"/>
            <line number="212" hits="2"/>
            <line number="215" hits="4"/>
            <line number="216" hits="1"/>
            <line number="219" hits="3"/>
            <line number="220" hits="3"/>
            <line number="221" hits="3"/>
            <line number="223" hits="3"/>
          </lines>
        </class>
      </classes>
    </package>
  </packages>
</coverage>
